CRITICAL - 2023-10-23 13:49:42 --> Call to a member function getRandomName() on null
in APPPATH\Controllers\Master\VideoLokal.php on line 107.
 1 SYSTEMPATH\CodeIgniter.php(919): App\Controllers\Master\VideoLokal->create()
 2 SYSTEMPATH\CodeIgniter.php(494): CodeIgniter\CodeIgniter->runController(Object(App\Controllers\Master\VideoLokal))
 3 SYSTEMPATH\CodeIgniter.php(353): CodeIgniter\CodeIgniter->handleRequest(null, Object(Config\Cache), false)
 4 FCPATH\index.php(80): CodeIgniter\CodeIgniter->run()
CRITICAL - 2023-10-23 13:50:27 --> Call to a member function getRandomName() on null
in APPPATH\Controllers\Master\VideoLokal.php on line 107.
 1 SYSTEMPATH\CodeIgniter.php(919): App\Controllers\Master\VideoLokal->create()
 2 SYSTEMPATH\CodeIgniter.php(494): CodeIgniter\CodeIgniter->runController(Object(App\Controllers\Master\VideoLokal))
 3 SYSTEMPATH\CodeIgniter.php(353): CodeIgniter\CodeIgniter->handleRequest(null, Object(Config\Cache), false)
 4 FCPATH\index.php(80): CodeIgniter\CodeIgniter->run()
CRITICAL - 2023-10-23 13:57:10 --> Call to a member function getRandomName() on null
in APPPATH\Controllers\Master\VideoLokal.php on line 107.
 1 SYSTEMPATH\CodeIgniter.php(919): App\Controllers\Master\VideoLokal->create()
 2 SYSTEMPATH\CodeIgniter.php(494): CodeIgniter\CodeIgniter->runController(Object(App\Controllers\Master\VideoLokal))
 3 SYSTEMPATH\CodeIgniter.php(353): CodeIgniter\CodeIgniter->handleRequest(null, Object(Config\Cache), false)
 4 FCPATH\index.php(80): CodeIgniter\CodeIgniter->run()
CRITICAL - 2023-10-23 13:57:13 --> Call to a member function getRandomName() on null
in APPPATH\Controllers\Master\VideoLokal.php on line 107.
 1 SYSTEMPATH\CodeIgniter.php(919): App\Controllers\Master\VideoLokal->create()
 2 SYSTEMPATH\CodeIgniter.php(494): CodeIgniter\CodeIgniter->runController(Object(App\Controllers\Master\VideoLokal))
 3 SYSTEMPATH\CodeIgniter.php(353): CodeIgniter\CodeIgniter->handleRequest(null, Object(Config\Cache), false)
 4 FCPATH\index.php(80): CodeIgniter\CodeIgniter->run()
CRITICAL - 2023-10-23 16:08:01 --> Unable to save the image. Please make sure the image and file directory are writable.
in SYSTEMPATH\Images\Handlers\GDHandler.php on line 251.
 1 SYSTEMPATH\Images\Handlers\GDHandler.php(251): CodeIgniter\Images\Exceptions\ImageException::forSaveFailed()
 2 APPPATH\Controllers\Master\Carousel.php(111): CodeIgniter\Images\Handlers\GDHandler->save('C:\\xampp81\\htdocs\\disperindag\\public/uploads/carousel/thumbnail/1698077281_2046395e780fd8a354bd.jpg')
 3 SYSTEMPATH\CodeIgniter.php(919): App\Controllers\Master\Carousel->create()
 4 SYSTEMPATH\CodeIgniter.php(494): CodeIgniter\CodeIgniter->runController(Object(App\Controllers\Master\Carousel))
 5 SYSTEMPATH\CodeIgniter.php(353): CodeIgniter\CodeIgniter->handleRequest(null, Object(Config\Cache), false)
 6 FCPATH\index.php(80): CodeIgniter\CodeIgniter->run()
CRITICAL - 2023-10-23 16:08:07 --> Unable to save the image. Please make sure the image and file directory are writable.
in SYSTEMPATH\Images\Handlers\GDHandler.php on line 251.
 1 SYSTEMPATH\Images\Handlers\GDHandler.php(251): CodeIgniter\Images\Exceptions\ImageException::forSaveFailed()
 2 APPPATH\Controllers\Master\Carousel.php(111): CodeIgniter\Images\Handlers\GDHandler->save('C:\\xampp81\\htdocs\\disperindag\\public/uploads/carousel/thumbnail/1698077287_5691b6221b2f32ed9044.jpg')
 3 SYSTEMPATH\CodeIgniter.php(919): App\Controllers\Master\Carousel->create()
 4 SYSTEMPATH\CodeIgniter.php(494): CodeIgniter\CodeIgniter->runController(Object(App\Controllers\Master\Carousel))
 5 SYSTEMPATH\CodeIgniter.php(353): CodeIgniter\CodeIgniter->handleRequest(null, Object(Config\Cache), false)
 6 FCPATH\index.php(80): CodeIgniter\CodeIgniter->run()
